{"C:\\Users\\Adriano\\Desktop\\boilerplates\\styled_components_story_book_jest_eslint_pritter\\src\\App.stories.tsx": {"path":"C:\\Users\\Adriano\\Desktop\\boilerplates\\styled_components_story_book_jest_eslint_pritter\\src\\App.stories.tsx","statementMap":{"0":{"start":{"line":15,"column":56},"end":{"line":15,"column":69}},"1":{"start":{"line":15,"column":62},"end":{"line":15,"column":69}}},"fnMap":{"0":{"name":"(anonymous_0)","decl":{"start":{"line":15,"column":56},"end":{"line":15,"column":57}},"loc":{"start":{"line":15,"column":62},"end":{"line":15,"column":69}},"line":15}},"branchMap":{},"s":{"0":0,"1":0},"f":{"0":0},"b":{}}
,"C:\\Users\\Adriano\\Desktop\\boilerplates\\styled_components_story_book_jest_eslint_pritter\\src\\App.tsx": {"path":"C:\\Users\\Adriano\\Desktop\\boilerplates\\styled_components_story_book_jest_eslint_pritter\\src\\App.tsx","statementMap":{"0":{"start":{"line":2,"column":2},"end":{"line":2,"column":27}}},"fnMap":{"0":{"name":"App","decl":{"start":{"line":1,"column":9},"end":{"line":1,"column":12}},"loc":{"start":{"line":1,"column":15},"end":{"line":3,"column":1}},"line":1}},"branchMap":{},"s":{"0":1},"f":{"0":1},"b":{},"_coverageSchema":"1a1c01bbd47fc00a2c39e90264f33305004495a9","hash":"67f5e1f43e4f66eaceae8af5c33494eacab22668"}
,"C:\\Users\\Adriano\\Desktop\\boilerplates\\styled_components_story_book_jest_eslint_pritter\\src\\main.tsx": {"path":"C:\\Users\\Adriano\\Desktop\\boilerplates\\styled_components_story_book_jest_eslint_pritter\\src\\main.tsx","statementMap":{"0":{"start":{"line":8,"column":20},"end":{"line":8,"column":51}},"1":{"start":{"line":9,"column":0},"end":{"line":9,"column":68}},"2":{"start":{"line":9,"column":18},"end":{"line":9,"column":68}},"3":{"start":{"line":10,"column":13},"end":{"line":10,"column":36}},"4":{"start":{"line":11,"column":0},"end":{"line":16,"column":1}}},"fnMap":{},"branchMap":{"0":{"loc":{"start":{"line":9,"column":0},"end":{"line":9,"column":68}},"type":"if","locations":[{"start":{"line":9,"column":0},"end":{"line":9,"column":68}},{"start":{},"end":{}}],"line":9}},"s":{"0":0,"1":0,"2":0,"3":0,"4":0},"f":{},"b":{"0":[0,0]}}
,"C:\\Users\\Adriano\\Desktop\\boilerplates\\styled_components_story_book_jest_eslint_pritter\\src\\Components\\Button\\Button.stories.tsx": {"path":"C:\\Users\\Adriano\\Desktop\\boilerplates\\styled_components_story_book_jest_eslint_pritter\\src\\Components\\Button\\Button.stories.tsx","statementMap":{"0":{"start":{"line":10,"column":55},"end":{"line":12,"column":1}},"1":{"start":{"line":11,"column":2},"end":{"line":11,"column":24}}},"fnMap":{"0":{"name":"(anonymous_0)","decl":{"start":{"line":10,"column":55},"end":{"line":10,"column":56}},"loc":{"start":{"line":11,"column":2},"end":{"line":11,"column":24}},"line":11}},"branchMap":{},"s":{"0":0,"1":0},"f":{"0":0},"b":{}}
,"C:\\Users\\Adriano\\Desktop\\boilerplates\\styled_components_story_book_jest_eslint_pritter\\src\\Components\\Button\\index.tsx": {"path":"C:\\Users\\Adriano\\Desktop\\boilerplates\\styled_components_story_book_jest_eslint_pritter\\src\\Components\\Button\\index.tsx","statementMap":{"0":{"start":{"line":9,"column":15},"end":{"line":15,"column":1}},"1":{"start":{"line":10,"column":2},"end":{"line":14,"column":3}}},"fnMap":{"0":{"name":"(anonymous_0)","decl":{"start":{"line":9,"column":15},"end":{"line":9,"column":16}},"loc":{"start":{"line":9,"column":59},"end":{"line":15,"column":1}},"line":9}},"branchMap":{"0":{"loc":{"start":{"line":12,"column":7},"end":{"line":12,"column":31}},"type":"cond-expr","locations":[{"start":{"line":12,"column":15},"end":{"line":12,"column":20}},{"start":{"line":12,"column":23},"end":{"line":12,"column":31}}],"line":12}},"s":{"0":1,"1":1},"f":{"0":1},"b":{"0":[1,0]},"_coverageSchema":"1a1c01bbd47fc00a2c39e90264f33305004495a9","hash":"c921d52896958e19f5a8a8dd854cc394992398ec"}
}
